<?xml version="1.0" encoding="UTF-8"?>
<!-- Generated by org.testng.reporters.JUnitReportReporter -->
<testsuite skipped="0" hostname="Dipti4240-01" name="com.test.favqs.tests.SampleTest" tests="5" failures="0" timestamp="2020-07-02T13:55:11 IST" time="6.188" errors="0">
  <testcase name="ReqresCreateUser" time="1.935" classname="com.test.favqs.tests.SampleTest"/>
  <system-out/>
  <testcase name="ReqresSingleUserNotFound" time="0.934" classname="com.test.favqs.tests.SampleTest"/>
  <system-out/>
  <testcase name="ReqresUpdateUser" time="1.548" classname="com.test.favqs.tests.SampleTest"/>
  <system-out/>
  <testcase name="ReqresGetSingleUser" time="0.854" classname="com.test.favqs.tests.SampleTest"/>
  <system-out/>
  <testcase name="ReqresGetListofUsers" time="0.917" classname="com.test.favqs.tests.SampleTest"/>
  <system-out/>
</testsuite> <!-- com.test.favqs.tests.SampleTest -->
